{
  "stats": {
    "suites": 1,
    "tests": 1,
    "passes": 1,
    "pending": 0,
    "failures": 0,
    "start": "2020-09-18T07:29:02.413Z",
    "end": "2020-09-18T07:29:27.036Z",
    "duration": 24623,
    "testsRegistered": 1,
    "passPercent": 100,
    "pendingPercent": 0,
    "other": 0,
    "hasOther": false,
    "skipped": 0,
    "hasSkipped": false
  },
  "results": [
    {
      "uuid": "94203cb6-38fa-487c-ba8e-e83b4c5fb68e",
      "title": "",
      "fullFile": "cypress/integration/GreenCart/Test2.js",
      "file": "cypress/integration/GreenCart/Test2.js",
      "beforeHooks": [],
      "afterHooks": [],
      "tests": [],
      "suites": [
        {
          "uuid": "27fe542c-67b6-4b71-af02-8ef60e710d5f",
          "title": "My Second Suite",
          "fullFile": "",
          "file": "",
          "beforeHooks": [],
          "afterHooks": [],
          "tests": [
            {
              "title": "My Second test case",
              "fullTitle": "My Second Suite My Second test case",
              "timedOut": null,
              "duration": 21626,
              "state": "passed",
              "speed": "slow",
              "pass": true,
              "fail": false,
              "pending": false,
              "context": null,
              "code": "cy.visit('https://rahulshettyacademy.com/seleniumPractise/#/');\ncy.get('.search-keyword').type('ca');\ncy.wait(2000);\ncy.get('.products').as('productLocator'); //dynamically find element\ncy.get('@productLocator').find('.product').each(function ($el, index, $list) {\n  var textVeg = $el.find('h4.product-name').text();\n  if (textVeg.includes('Cashews')) {\n    $el.find('button').click();\n  }\n});\ncy.get('.cart-icon > img').click();\ncy.contains('PROCEED TO CHECKOUT').click();\ncy.contains('Place Order').click();",
              "err": {},
              "uuid": "61a5e330-9f18-4aeb-b2a1-d443afdac434",
              "parentUUID": "27fe542c-67b6-4b71-af02-8ef60e710d5f",
              "isHook": false,
              "skipped": false
            }
          ],
          "suites": [],
          "passes": [
            "61a5e330-9f18-4aeb-b2a1-d443afdac434"
          ],
          "failures": [],
          "pending": [],
          "skipped": [],
          "duration": 21626,
          "root": false,
          "rootEmpty": false,
          "_timeout": 2000
        }
      ],
      "passes": [],
      "failures": [],
      "pending": [],
      "skipped": [],
      "duration": 0,
      "root": true,
      "rootEmpty": true,
      "_timeout": 2000
    }
  ],
  "meta": {
    "mocha": {
      "version": "7.0.1"
    },
    "mochawesome": {
      "options": {
        "quiet": false,
        "reportFilename": "mochawesome",
        "saveHtml": true,
        "saveJson": true,
        "consoleReporter": "spec",
        "useInlineDiffs": false,
        "code": true
      },
      "version": "6.1.1"
    },
    "marge": {
      "options": null,
      "version": "5.1.0"
    }
  }
}